<?xml version="1.0" encoding="UTF-8"?>
<!-- Generated by org.testng.reporters.JUnitXMLReporter -->
<testsuite ignored="0" hostname="LAPTOP-R176C8G8" failures="0" tests="3" name="Default test" time="0.036" errors="0" timestamp="2022-02-14T15:12:16 IST">
  <testcase classname="qaclickacademy.AppiumTest" name="IOSApps" time="0.006"/>
  <testcase classname="qaclickacademy.AppiumTest" name="NativeAPpAndroid" time="0.0"/>
  <testcase classname="qaclickacademy.AppiumTest" name="NativeAPpAndroidS" time="0.001"/>
</testsuite> <!-- Default test -->
