<?xml version="1.0" encoding="UTF-8"?>
<!-- Generated by org.testng.reporters.JUnitXMLReporter -->
<testsuite ignored="0" hostname="LAPTOP-R176C8G8" failures="0" tests="10" name="Test" time="0.057" errors="0" timestamp="2022-02-14T15:12:30 IST">
  <testcase classname="qaclickacademy.SeleniumTest" name="BrowserAUtomation" time="0.006"/>
  <testcase classname="qaclickacademy.SeleniumTest" name="elementsU1i" time="0.001"/>
  <testcase classname="qaclickacademy.SeleniumTest" name="elementsU1ssi" time="0.001"/>
  <testcase classname="qaclickacademy.SeleniumTest" name="elementsUi" time="0.0"/>
  <testcase classname="qaclickacademy.RESTAPITest" name="deleteTwitter" time="0.001"/>
  <testcase classname="qaclickacademy.RESTAPITest" name="deleteTwitter12" time="0.002"/>
  <testcase classname="qaclickacademy.RESTAPITest" name="postJira" time="0.002"/>
  <testcase classname="qaclickacademy.AppiumTest" name="IOSApps" time="0.001"/>
  <testcase classname="qaclickacademy.AppiumTest" name="NativeAPpAndroid" time="0.001"/>
  <testcase classname="qaclickacademy.AppiumTest" name="NativeAPpAndroidS" time="0.001"/>
</testsuite> <!-- Test -->
